Servidor rodando na porta 3000
Servidor rodando na porta 3000
[2026-02-07T15:32:18.451Z] GET /
[2026-02-07T15:32:19.120Z] GET /favicon.svg
[2026-02-07T15:32:19.233Z] GET /favicon.svg
[2026-02-07T15:32:27.810Z] GET /
[2026-02-07T15:32:27.919Z] GET /favicon.svg
[2026-02-07T15:32:28.068Z] GET /favicon.svg
[2026-02-07T15:33:49.720Z] POST /download
Recebido POST /download: {
  url: 'https://www.youtube.com/watch?v=xoc0DX_Q_Cg&list=RDEMtufwU4LiiXOo7Df_x-PH1w&start_radio=1'
}
ytdl.getInfo falhou: Could not extract functions
getInfo falhou com problema de extração; tentando fallback com yt-dlp...
[yt-dlp] [youtube:tab] Extracting URL: https://www.youtube.com/watch?v=xoc0DX_Q_Cg&list=RDEMtufwU4LiiXOo7Df_x-PH1w&start_radio=1
[yt-dlp] [youtube:tab] Downloading just the video xoc0DX_Q_Cg because of --no-playlist
[yt-dlp] [youtube] Extracting URL: https://www.youtube.com/watch?v=xoc0DX_Q_Cg
[yt-dlp] [youtube] xoc0DX_Q_Cg: Downloading webpage
[yt-dlp] WARNING: [youtube] No supported JavaScript runtime could be found. Only deno is enabled by default; to use another runtime add  --js-runtimes RUNTIME[:PATH]  to your command/config. YouTube extraction without a JS runtime has been deprecated, and some formats may be missing. See  https://github.com/yt-dlp/yt-dlp/wiki/EJS  for details on installing one
[yt-dlp] [youtube] xoc0DX_Q_Cg: Downloading android vr player API JSON
[yt-dlp] [info] xoc0DX_Q_Cg: Downloading 1 format(s): 251
[yt-dlp] [download] Destination: -
[yt-dlp] [download]   0.0% of    4.08MiB at  153.02KiB/s ETA 00:27
[yt-dlp] [download]   0.1% of    4.08MiB at  397.98KiB/s ETA 00:10
[yt-dlp] [download]   0.2% of    4.08MiB at  868.80KiB/s ETA 00:04
[yt-dlp] [download]   0.4% of    4.08MiB at    1.61MiB/s ETA 00:02
[yt-dlp] [download]   0.7% of    4.08MiB at    2.51MiB/s ETA 00:01
[yt-dlp] [download]   1.5% of    4.08MiB at    3.24MiB/s ETA 00:01
[yt-dlp] [download]   3.0% of    4.08MiB at    4.36MiB/s ETA 00:00
[yt-dlp] [download]   6.1% of    4.08MiB at    4.78MiB/s ETA 00:00
[yt-dlp] [download]  12.2% of    4.08MiB at    7.20MiB/s ETA 00:00
[yt-dlp] [download]  24.5% of    4.08MiB at    5.58MiB/s ETA 00:00
[yt-dlp] [download]  49.0% of    4.08MiB at    6.55MiB/s ETA 00:00
[yt-dlp] [download]  97.9% of    4.08MiB at    6.93MiB/s ETA 00:00
[yt-dlp] [download] 100.0% of    4.08MiB at    7.02MiB/s ETA 00:00
[yt-dlp] [download] 100% of    4.08MiB in 00:00:00 at 5.39MiB/s
[yt-dlp] 
yt-dlp finalizado com sucesso.
[2026-02-07T15:34:13.518Z] POST /download
Recebido POST /download: {
  url: 'https://www.youtube.com/watch?v=xoc0DX_Q_Cg&list=RDEMtufwU4LiiXOo7Df_x-PH1w&start_radio=1'
}
ytdl.getInfo falhou: Could not extract functions
getInfo falhou com problema de extração; tentando fallback com yt-dlp...
[2026-02-07T15:35:00.534Z] POST /download
Recebido POST /download: { url: 'https://www.youtube.com/watch?v=aMgyP1DaVQk' }
ytdl.getInfo falhou: Could not extract functions
getInfo falhou com problema de extração; tentando fallback com yt-dlp...
[2026-02-07T15:35:22.298Z] GET /
[2026-02-07T15:35:24.493Z] GET /favicon.svg
[2026-02-07T15:35:27.205Z] GET /favicon.svg
[yt-dlp] [youtube:tab] Extracting URL: https://www.youtube.com/watch?v=xoc0DX_Q_Cg&list=RDEMtufwU4LiiXOo7Df_x-PH1w&start_radio=1
[yt-dlp] [youtube:tab] Downloading just the video xoc0DX_Q_Cg because of --no-playlist
[yt-dlp] [youtube] Extracting URL: https://www.youtube.com/watch?v=xoc0DX_Q_Cg
[yt-dlp] [youtube] xoc0DX_Q_Cg: Downloading webpage
[yt-dlp] WARNING: [youtube] No supported JavaScript runtime could be found. Only deno is enabled by default; to use another runtime add  --js-runtimes RUNTIME[:PATH]  to your command/config. YouTube extraction without a JS runtime has been deprecated, and some formats may be missing. See  https://github.com/yt-dlp/yt-dlp/wiki/EJS  for details on installing one
[yt-dlp] [youtube] xoc0DX_Q_Cg: Downloading android vr player API JSON
[yt-dlp] [info] xoc0DX_Q_Cg: Downloading 1 format(s): 251
[yt-dlp] [download] Destination: -
[yt-dlp] [download]   0.0% of    4.08MiB at   38.14KiB/s ETA 01:49
[yt-dlp] [download]   0.1% of    4.08MiB at   34.52KiB/s ETA 02:01
[yt-dlp] [download]   0.2% of    4.08MiB at   42.90KiB/s ETA 01:37
[yt-dlp] [download]   0.4% of    4.08MiB at   81.68KiB/s ETA 00:56
[yt-dlp] [download]   0.7% of    4.08MiB at  127.24KiB/s ETA 00:32
[yt-dlp] [download]   1.5% of    4.08MiB at  196.81KiB/s ETA 00:20
[yt-dlp] [download]   3.0% of    4.08MiB at  353.48KiB/s ETA 00:11
[yt-dlp] [download]   6.1% of    4.08MiB at  672.86KiB/s ETA 00:05
[yt-dlp] [download]  12.2% of    4.08MiB at  986.29KiB/s ETA 00:03
[yt-dlp] [download]  24.5% of    4.08MiB at    1.62MiB/s ETA 00:01
[yt-dlp] [download]  49.0% of    4.08MiB at    2.03MiB/s ETA 00:01
[yt-dlp] [download]  97.9% of    4.08MiB at    2.75MiB/s ETA 00:00
[yt-dlp] [download] 100.0% of    4.08MiB at    2.72MiB/s ETA 00:00
[yt-dlp] [download] 100% of    4.08MiB in 00:00:01 at 2.12MiB/s
[yt-dlp] 
yt-dlp saiu com código null
[yt-dlp] [youtube] Extracting URL: https://www.youtube.com/watch?v=aMgyP1DaVQk
[yt-dlp] [youtube] aMgyP1DaVQk: Downloading webpage
[yt-dlp] WARNING: [youtube] No supported JavaScript runtime could be found. Only deno is enabled by default; to use another runtime add  --js-runtimes RUNTIME[:PATH]  to your command/config. YouTube extraction without a JS runtime has been deprecated, and some formats may be missing. See  https://github.com/yt-dlp/yt-dlp/wiki/EJS  for details on installing one
[yt-dlp] [youtube] aMgyP1DaVQk: Downloading android vr player API JSON
[yt-dlp] [info] aMgyP1DaVQk: Downloading 1 format(s): 251
[yt-dlp] [download] Destination: -
[yt-dlp] [download]   0.0% of   14.55MiB at  974.97KiB/s ETA 00:15
[yt-dlp] [download]   0.0% of   14.55MiB at  342.00KiB/s ETA 00:43
[yt-dlp] [download]   0.0% of   14.55MiB at  471.74KiB/s ETA 00:31
[yt-dlp] [download]   0.1% of   14.55MiB at  851.09KiB/s ETA 00:17
[yt-dlp] [download]   0.2% of   14.55MiB at    1.25MiB/s ETA 00:11
[yt-dlp] [download]   0.4% of   14.55MiB at    1.82MiB/s ETA 00:07
[yt-dlp] [download]   0.9% of   14.55MiB at    2.71MiB/s ETA 00:05
[yt-dlp] [download]   1.7% of   14.55MiB at    4.26MiB/s ETA 00:03
[yt-dlp] [download]   3.4% of   14.55MiB at    5.50MiB/s ETA 00:02
[yt-dlp] [download]   6.9% of   14.55MiB at    4.85MiB/s ETA 00:02
[yt-dlp] [download]  13.7% of   14.55MiB at    1.40MiB/s ETA 00:08
[yt-dlp] [download]  19.4% of   14.55MiB at    1.88MiB/s ETA 00:06
[yt-dlp] [download]  30.6% of   14.55MiB at    1.56MiB/s ETA 00:06
[yt-dlp] [download]  38.9% of   14.55MiB at    1.88MiB/s ETA 00:04
[yt-dlp] [download]  55.6% of   14.55MiB at    1.98MiB/s ETA 00:03
[yt-dlp] [download]  66.3% of   14.55MiB at    2.11MiB/s ETA 00:02
[yt-dlp] [download]  66.3% of   14.55MiB at  Unknown B/s ETA Unknown
[yt-dlp] [download]  66.3% of   14.55MiB at  362.95KiB/s ETA 00:13
[yt-dlp] [download]  66.4% of   14.55MiB at  274.73KiB/s ETA 00:18
[yt-dlp] [download]  66.4% of   14.55MiB at  364.72KiB/s ETA 00:13
[yt-dlp] [download]  66.5% of   14.55MiB at  578.18KiB/s ETA 00:08
[yt-dlp] [download]  66.8% of   14.55MiB at  813.87KiB/s ETA 00:06
[yt-dlp] [download]  67.2% of   14.55MiB at    1.56MiB/s ETA 00:03
[yt-dlp] [download]  68.0% of   14.55MiB at    2.94MiB/s ETA 00:01
[yt-dlp] [download]  69.8% of   14.55MiB at    3.11MiB/s ETA 00:01
[yt-dlp] [download]  73.2% of   14.55MiB at    1.40MiB/s ETA 00:02
[yt-dlp] [download]  79.4% of   14.55MiB at    2.47MiB/s ETA 00:01
[yt-dlp] [download]  91.9% of   14.55MiB at    2.58MiB/s ETA 00:00
[yt-dlp] [download] 100.0% of   14.55MiB at    3.09MiB/s ETA 00:00
[yt-dlp] [download] 100% of   14.55MiB in 00:00:06 at 2.23MiB/s
[yt-dlp] 
yt-dlp saiu com código null
🚀 Servidor rodando na porta 3000
